[2025-09-29 06:47:18] [error]: Error checking blacklist status: An exception occurred in the driver: SQLSTATE[HY000] [2002] No such file or directory
[2025-09-29 06:47:18] [exception]: Uncaught Exception: An exception occurred in the driver: SQLSTATE[HY000] [2002] No such file or directory in /home/runner/work/v-dmarc-dashboard/v-dmarc-dashboard/root/vendor/doctrine/dbal/src/Driver/API/MySQL/ExceptionConverter.php on line 112
[2025-09-29 06:50:17] [error]: Error checking blacklist status: An exception occurred in the driver: SQLSTATE[HY000] [2002] No such file or directory
[2025-09-29 06:50:17] [exception]: Uncaught Exception: An exception occurred in the driver: SQLSTATE[HY000] [2002] No such file or directory in /home/runner/work/v-dmarc-dashboard/v-dmarc-dashboard/root/vendor/doctrine/dbal/src/Driver/API/MySQL/ExceptionConverter.php on line 112
[2025-09-29 07:00:28] [error]: Error checking blacklist status: An exception occurred in the driver: SQLSTATE[HY000] [2002] No such file or directory
[2025-09-29 07:00:28] [exception]: Uncaught Exception: An exception occurred in the driver: SQLSTATE[HY000] [2002] No such file or directory in /home/runner/work/v-dmarc-dashboard/v-dmarc-dashboard/root/vendor/doctrine/dbal/src/Driver/API/MySQL/ExceptionConverter.php on line 112
[2025-09-29 07:00:41] [exception]: Uncaught Exception: An exception occurred in the driver: SQLSTATE[HY000] [2002] No such file or directory in /home/runner/work/v-dmarc-dashboard/v-dmarc-dashboard/root/vendor/doctrine/dbal/src/Driver/API/MySQL/ExceptionConverter.php on line 112
[2025-09-29 07:30:15] [exception]: Uncaught Exception: An exception occurred in the driver: SQLSTATE[HY000] [2002] No such file or directory in /home/runner/work/v-dmarc-dashboard/v-dmarc-dashboard/root/vendor/doctrine/dbal/src/Driver/API/MySQL/ExceptionConverter.php on line 112
[2025-09-29 07:31:03] [error]: Error checking blacklist status: An exception occurred in the driver: SQLSTATE[HY000] [2002] No such file or directory
[2025-09-29 07:31:03] [exception]: Uncaught Exception: An exception occurred in the driver: SQLSTATE[HY000] [2002] No such file or directory in /home/runner/work/v-dmarc-dashboard/v-dmarc-dashboard/root/vendor/doctrine/dbal/src/Driver/API/MySQL/ExceptionConverter.php on line 112
[2025-09-29 07:50:22] [error]: Error checking blacklist status: An exception occurred while executing a query: SQLSTATE[HY000]: General error: 1 no such table: ip_blacklist
[2025-09-29 07:50:22] [exception]: Uncaught Exception: An exception occurred while executing a query: SQLSTATE[HY000]: General error: 1 no such table: ip_blacklist in /home/runner/work/v-dmarc-dashboard/v-dmarc-dashboard/root/vendor/doctrine/dbal/src/Driver/API/SQLite/ExceptionConverter.php on line 52
[2025-09-29 07:50:59] [error]: Error checking blacklist status: An exception occurred while executing a query: SQLSTATE[HY000]: General error: 1 no such table: ip_blacklist
[2025-09-29 07:50:59] [exception]: Uncaught Exception: An exception occurred while executing a query: SQLSTATE[HY000]: General error: 1 no such table: ip_blacklist in /home/runner/work/v-dmarc-dashboard/v-dmarc-dashboard/root/vendor/doctrine/dbal/src/Driver/API/SQLite/ExceptionConverter.php on line 52
[2025-09-29 22:06:35] [error]: Error checking blacklist status: An exception occurred in the driver: SQLSTATE[HY000] [2002] No such file or directory
[2025-09-29 22:06:35] [exception]: Uncaught Exception: An exception occurred in the driver: SQLSTATE[HY000] [2002] No such file or directory in /home/runner/work/v-dmarc-dashboard/v-dmarc-dashboard/root/vendor/doctrine/dbal/src/Driver/API/MySQL/ExceptionConverter.php on line 112
[2025-09-29 22:09:49] [error]: Invalid username or password.
[2025-09-29 22:13:52] [exception]: Uncaught Exception: Unknown named parameter $id in /home/runner/work/v-dmarc-dashboard/v-dmarc-dashboard/root/app/Core/Router.php on line 105
[2025-09-29 23:08:55] [error]: Error updating failed attempts: Attempt to read property "login_attempts" on array
[2025-09-29 23:08:55] [exception]: Uncaught Exception: Attempt to read property "login_attempts" on array in /home/runner/work/v-dmarc-dashboard/v-dmarc-dashboard/root/app/Models/Blacklist.php on line 35
[2025-09-29 23:28:57] [error]: Error updating failed attempts: Attempt to read property "login_attempts" on array
[2025-09-29 23:28:57] [exception]: Uncaught Exception: Attempt to read property "login_attempts" on array in /home/runner/work/v-dmarc-dashboard/v-dmarc-dashboard/root/app/Models/Blacklist.php on line 35
[2025-09-29 23:29:38] [error]: Invalid username or password.
[2025-09-29 23:34:35] [error]: Invalid username or password.
